<?xml version="1.0" encoding="UTF-8"?>
<!-- Generated by org.testng.reporters.JUnitReportReporter -->
<testsuite hostname="XE-T-HEMASUNDAR" name="com.xebia.MainClass" tests="1" failures="0" timestamp="10 Mar 2016 11:04:01 GMT" time="6.789" errors="0">
  <testcase name="method1" time="6.789" classname="com.xebia.MainClass"/>
</testsuite> <!-- com.xebia.MainClass -->
